{"/Users/mike/Documents/DeFi/zkCloudWorker/domain-name-contract/src/contract/domain-contract.ts": {"path":"/Users/mike/Documents/DeFi/zkCloudWorker/domain-name-contract/src/contract/domain-contract.ts","statementMap":{"0":{"start":{"line":1,"column":0},"end":{"line":1,"column":null}},"1":{"start":{"line":16,"column":0},"end":{"line":16,"column":36}},"2":{"start":{"line":17,"column":0},"end":{"line":17,"column":57}},"3":{"start":{"line":18,"column":0},"end":{"line":18,"column":38}},"4":{"start":{"line":20,"column":13},"end":{"line":20,"column":28}},"5":{"start":{"line":22,"column":0},"end":{"line":22,"column":13}},"6":{"start":{"line":32,"column":4},"end":{"line":32,"column":34}},"7":{"start":{"line":33,"column":4},"end":{"line":33,"column":32}},"8":{"start":{"line":27,"column":0},"end":{"line":27,"column":13}},"9":{"start":{"line":37,"column":0},"end":{"line":37,"column":13}},"10":{"start":{"line":43,"column":16},"end":{"line":43,"column":40}},"11":{"start":{"line":44,"column":16},"end":{"line":44,"column":38}},"12":{"start":{"line":45,"column":16},"end":{"line":45,"column":41}},"13":{"start":{"line":46,"column":16},"end":{"line":46,"column":39}},"14":{"start":{"line":47,"column":16},"end":{"line":47,"column":45}},"15":{"start":{"line":48,"column":20},"end":{"line":48,"column":47}},"16":{"start":{"line":49,"column":15},"end":{"line":49,"column":40}},"17":{"start":{"line":61,"column":2},"end":{"line":63,"column":5}},"18":{"start":{"line":65,"column":2},"end":{"line":71,"column":4}},"19":{"start":{"line":52,"column":4},"end":{"line":52,"column":23}},"20":{"start":{"line":53,"column":4},"end":{"line":56,"column":7}},"21":{"start":{"line":74,"column":17},"end":{"line":74,"column":30}},"22":{"start":{"line":75,"column":19},"end":{"line":75,"column":57}},"23":{"start":{"line":77,"column":4},"end":{"line":77,"column":75}},"24":{"start":{"line":78,"column":4},"end":{"line":78,"column":34}},"25":{"start":{"line":79,"column":4},"end":{"line":79,"column":34}},"26":{"start":{"line":83,"column":17},"end":{"line":83,"column":30}},"27":{"start":{"line":84,"column":19},"end":{"line":84,"column":57}},"28":{"start":{"line":86,"column":4},"end":{"line":86,"column":75}},"29":{"start":{"line":87,"column":4},"end":{"line":87,"column":34}},"30":{"start":{"line":88,"column":4},"end":{"line":88,"column":37}},"31":{"start":{"line":98,"column":18},"end":{"line":98,"column":50}},"32":{"start":{"line":99,"column":4},"end":{"line":99,"column":77}},"33":{"start":{"line":100,"column":4},"end":{"line":100,"column":19}},"34":{"start":{"line":101,"column":4},"end":{"line":101,"column":76}},"35":{"start":{"line":102,"column":4},"end":{"line":102,"column":59}},"36":{"start":{"line":103,"column":4},"end":{"line":103,"column":75}},"37":{"start":{"line":105,"column":24},"end":{"line":105,"column":62}},"38":{"start":{"line":106,"column":4},"end":{"line":106,"column":47}},"39":{"start":{"line":107,"column":18},"end":{"line":107,"column":50}},"40":{"start":{"line":109,"column":27},"end":{"line":112,"column":6}},"41":{"start":{"line":114,"column":38},"end":{"line":117,"column":6}},"42":{"start":{"line":120,"column":6},"end":{"line":136,"column":null}},"43":{"start":{"line":124,"column":10},"end":{"line":127,"column":13}},"44":{"start":{"line":138,"column":4},"end":{"line":138,"column":61}},"45":{"start":{"line":139,"column":31},"end":{"line":139,"column":77}},"46":{"start":{"line":140,"column":21},"end":{"line":140,"column":62}},"47":{"start":{"line":141,"column":4},"end":{"line":141,"column":32}},"48":{"start":{"line":142,"column":4},"end":{"line":142,"column":53}},"49":{"start":{"line":143,"column":4},"end":{"line":143,"column":41}},"50":{"start":{"line":144,"column":4},"end":{"line":144,"column":45}},"51":{"start":{"line":145,"column":4},"end":{"line":145,"column":43}},"52":{"start":{"line":153,"column":18},"end":{"line":153,"column":50}},"53":{"start":{"line":154,"column":4},"end":{"line":154,"column":77}},"54":{"start":{"line":155,"column":4},"end":{"line":155,"column":19}},"55":{"start":{"line":156,"column":4},"end":{"line":156,"column":76}},"56":{"start":{"line":158,"column":18},"end":{"line":158,"column":50}},"57":{"start":{"line":159,"column":4},"end":{"line":159,"column":55}},"58":{"start":{"line":160,"column":4},"end":{"line":160,"column":45}},"59":{"start":{"line":161,"column":28},"end":{"line":164,"column":6}},"60":{"start":{"line":165,"column":4},"end":{"line":165,"column":54}},"61":{"start":{"line":173,"column":18},"end":{"line":173,"column":50}},"62":{"start":{"line":174,"column":4},"end":{"line":174,"column":77}},"63":{"start":{"line":175,"column":4},"end":{"line":175,"column":19}},"64":{"start":{"line":176,"column":4},"end":{"line":176,"column":79}},"65":{"start":{"line":178,"column":4},"end":{"line":178,"column":48}},"66":{"start":{"line":179,"column":28},"end":{"line":182,"column":6}},"67":{"start":{"line":183,"column":4},"end":{"line":183,"column":58}},"68":{"start":{"line":187,"column":18},"end":{"line":187,"column":50}},"69":{"start":{"line":188,"column":4},"end":{"line":188,"column":68}},"70":{"start":{"line":189,"column":4},"end":{"line":189,"column":29}},"71":{"start":{"line":194,"column":18},"end":{"line":194,"column":50}},"72":{"start":{"line":195,"column":4},"end":{"line":195,"column":62}},"73":{"start":{"line":196,"column":4},"end":{"line":196,"column":24}},"74":{"start":{"line":197,"column":4},"end":{"line":197,"column":26}},"75":{"start":{"line":42,"column":0},"end":{"line":42,"column":13}},"76":{"start":{"line":43,"column":16},"end":{"line":43,"column":null}},"77":{"start":{"line":44,"column":16},"end":{"line":44,"column":null}},"78":{"start":{"line":45,"column":16},"end":{"line":45,"column":null}},"79":{"start":{"line":46,"column":16},"end":{"line":46,"column":null}},"80":{"start":{"line":47,"column":16},"end":{"line":47,"column":null}},"81":{"start":{"line":48,"column":20},"end":{"line":48,"column":null}},"82":{"start":{"line":49,"column":15},"end":{"line":49,"column":null}},"83":{"start":{"line":73,"column":10},"end":{"line":80,"column":null}},"84":{"start":{"line":82,"column":10},"end":{"line":89,"column":null}},"85":{"start":{"line":91,"column":10},"end":{"line":146,"column":null}},"86":{"start":{"line":148,"column":10},"end":{"line":166,"column":null}},"87":{"start":{"line":168,"column":10},"end":{"line":184,"column":null}},"88":{"start":{"line":186,"column":10},"end":{"line":190,"column":null}},"89":{"start":{"line":193,"column":10},"end":{"line":198,"column":null}}},"fnMap":{"0":{"name":"(anonymous_2)","decl":{"start":{"line":31,"column":2},"end":{"line":31,"column":8}},"loc":{"start":{"line":31,"column":54},"end":{"line":34,"column":3}}},"1":{"name":"(anonymous_3)","decl":{"start":{"line":42,"column":0},"end":{"line":42,"column":13}},"loc":{"start":{"line":42,"column":0},"end":{"line":199,"column":1}}},"2":{"name":"(anonymous_4)","decl":{"start":{"line":51,"column":2},"end":{"line":51,"column":8}},"loc":{"start":{"line":51,"column":25},"end":{"line":57,"column":3}}},"3":{"name":"(anonymous_5)","decl":{"start":{"line":73,"column":10},"end":{"line":73,"column":13}},"loc":{"start":{"line":73,"column":54},"end":{"line":80,"column":3}}},"4":{"name":"(anonymous_6)","decl":{"start":{"line":82,"column":10},"end":{"line":82,"column":16}},"loc":{"start":{"line":82,"column":57},"end":{"line":89,"column":3}}},"5":{"name":"(anonymous_7)","decl":{"start":{"line":91,"column":10},"end":{"line":91,"column":16}},"loc":{"start":{"line":96,"column":24},"end":{"line":146,"column":3}}},"6":{"name":"(anonymous_8)","decl":{"start":{"line":123,"column":8},"end":{"line":123,"column":9}},"loc":{"start":{"line":123,"column":58},"end":{"line":128,"column":9}}},"7":{"name":"(anonymous_9)","decl":{"start":{"line":148,"column":10},"end":{"line":148,"column":24}},"loc":{"start":{"line":151,"column":20},"end":{"line":166,"column":3}}},"8":{"name":"(anonymous_10)","decl":{"start":{"line":168,"column":10},"end":{"line":168,"column":28}},"loc":{"start":{"line":171,"column":20},"end":{"line":184,"column":3}}},"9":{"name":"(anonymous_11)","decl":{"start":{"line":186,"column":10},"end":{"line":186,"column":18}},"loc":{"start":{"line":186,"column":60},"end":{"line":190,"column":3}}},"10":{"name":"(anonymous_12)","decl":{"start":{"line":193,"column":10},"end":{"line":193,"column":17}},"loc":{"start":{"line":193,"column":65},"end":{"line":198,"column":3}}}},"branchMap":{},"s":{"0":1,"1":1,"2":1,"3":1,"4":1,"5":1,"6":12,"7":12,"8":1,"9":1,"10":33,"11":33,"12":33,"13":33,"14":33,"15":33,"16":33,"17":33,"18":33,"19":2,"20":2,"21":24,"22":24,"23":24,"24":24,"25":24,"26":3,"27":3,"28":3,"29":3,"30":3,"31":12,"32":12,"33":12,"34":12,"35":12,"36":12,"37":12,"38":12,"39":12,"40":12,"41":12,"42":12,"43":36,"44":12,"45":12,"46":12,"47":12,"48":12,"49":12,"50":12,"51":12,"52":3,"53":3,"54":3,"55":3,"56":3,"57":3,"58":3,"59":3,"60":3,"61":3,"62":3,"63":3,"64":3,"65":3,"66":3,"67":3,"68":3,"69":3,"70":3,"71":6,"72":6,"73":6,"74":6,"75":1,"76":1,"77":1,"78":1,"79":1,"80":1,"81":1,"82":1,"83":1,"84":1,"85":1,"86":1,"87":1,"88":1,"89":1},"f":{"0":12,"1":33,"2":2,"3":24,"4":3,"5":12,"6":36,"7":3,"8":3,"9":3,"10":6},"b":{}}
,"/Users/mike/Documents/DeFi/zkCloudWorker/domain-name-contract/src/contract/metadata.ts": {"path":"/Users/mike/Documents/DeFi/zkCloudWorker/domain-name-contract/src/contract/metadata.ts","statementMap":{"0":{"start":{"line":1,"column":0},"end":{"line":1,"column":74}},"1":{"start":{"line":2,"column":0},"end":{"line":2,"column":36}},"2":{"start":{"line":19,"column":4},"end":{"line":19,"column":42}},"3":{"start":{"line":20,"column":4},"end":{"line":20,"column":42}},"4":{"start":{"line":24,"column":4},"end":{"line":24,"column":34}},"5":{"start":{"line":28,"column":4},"end":{"line":31,"column":7}},"6":{"start":{"line":9,"column":0},"end":{"line":9,"column":13}},"7":{"start":{"line":50,"column":4},"end":{"line":50,"column":42}},"8":{"start":{"line":51,"column":4},"end":{"line":51,"column":42}},"9":{"start":{"line":55,"column":4},"end":{"line":55,"column":62}},"10":{"start":{"line":59,"column":4},"end":{"line":62,"column":7}},"11":{"start":{"line":40,"column":0},"end":{"line":40,"column":13}},"12":{"start":{"line":94,"column":4},"end":{"line":94,"column":17}},"13":{"start":{"line":98,"column":21},"end":{"line":98,"column":45}},"14":{"start":{"line":99,"column":4},"end":{"line":110,"column":6}},"15":{"start":{"line":114,"column":21},"end":{"line":114,"column":74}},"16":{"start":{"line":115,"column":4},"end":{"line":131,"column":7}},"17":{"start":{"line":76,"column":0},"end":{"line":76,"column":13}}},"fnMap":{"0":{"name":"(anonymous_0)","decl":{"start":{"line":18,"column":2},"end":{"line":18,"column":8}},"loc":{"start":{"line":18,"column":56},"end":{"line":21,"column":3}}},"1":{"name":"(anonymous_1)","decl":{"start":{"line":23,"column":2},"end":{"line":23,"column":10}},"loc":{"start":{"line":23,"column":10},"end":{"line":25,"column":3}}},"2":{"name":"(anonymous_2)","decl":{"start":{"line":27,"column":2},"end":{"line":27,"column":8}},"loc":{"start":{"line":27,"column":35},"end":{"line":32,"column":3}}},"3":{"name":"(anonymous_3)","decl":{"start":{"line":49,"column":2},"end":{"line":49,"column":8}},"loc":{"start":{"line":49,"column":56},"end":{"line":52,"column":3}}},"4":{"name":"(anonymous_4)","decl":{"start":{"line":54,"column":2},"end":{"line":54,"column":10}},"loc":{"start":{"line":54,"column":10},"end":{"line":56,"column":3}}},"5":{"name":"(anonymous_5)","decl":{"start":{"line":58,"column":2},"end":{"line":58,"column":8}},"loc":{"start":{"line":58,"column":35},"end":{"line":63,"column":3}}},"6":{"name":"(anonymous_6)","decl":{"start":{"line":85,"column":2},"end":{"line":85,"column":14}},"loc":{"start":{"line":93,"column":3},"end":{"line":95,"column":3}}},"7":{"name":"(anonymous_7)","decl":{"start":{"line":97,"column":2},"end":{"line":97,"column":10}},"loc":{"start":{"line":97,"column":10},"end":{"line":111,"column":3}}},"8":{"name":"(anonymous_8)","decl":{"start":{"line":113,"column":2},"end":{"line":113,"column":8}},"loc":{"start":{"line":113,"column":35},"end":{"line":132,"column":3}}}},"branchMap":{},"s":{"0":2,"1":2,"2":0,"3":0,"4":62,"5":126,"6":2,"7":0,"8":0,"9":0,"10":0,"11":2,"12":0,"13":0,"14":0,"15":0,"16":0,"17":2},"f":{"0":0,"1":62,"2":126,"3":0,"4":0,"5":0,"6":0,"7":0,"8":0},"b":{}}
,"/Users/mike/Documents/DeFi/zkCloudWorker/domain-name-contract/src/contract/proof.ts": {"path":"/Users/mike/Documents/DeFi/zkCloudWorker/domain-name-contract/src/contract/proof.ts","statementMap":{"0":{"start":{"line":1,"column":0},"end":{"line":1,"column":65}},"1":{"start":{"line":3,"column":0},"end":{"line":3,"column":null}},"2":{"start":{"line":10,"column":0},"end":{"line":10,"column":39}},"3":{"start":{"line":18,"column":2},"end":{"line":18,"column":71}},"4":{"start":{"line":19,"column":2},"end":{"line":20,"column":55}},"5":{"start":{"line":20,"column":4},"end":{"line":20,"column":55}},"6":{"start":{"line":27,"column":32},"end":{"line":27,"column":34}},"7":{"start":{"line":29,"column":2},"end":{"line":48,"column":3}},"8":{"start":{"line":30,"column":20},"end":{"line":30,"column":33}},"9":{"start":{"line":31,"column":4},"end":{"line":47,"column":5}},"10":{"start":{"line":32,"column":18},"end":{"line":32,"column":38}},"11":{"start":{"line":33,"column":20},"end":{"line":33,"column":42}},"12":{"start":{"line":34,"column":6},"end":{"line":34,"column":26}},"13":{"start":{"line":35,"column":22},"end":{"line":35,"column":35}},"14":{"start":{"line":36,"column":21},"end":{"line":43,"column":8}},"15":{"start":{"line":44,"column":6},"end":{"line":44,"column":65}},"16":{"start":{"line":46,"column":6},"end":{"line":46,"column":58}},"17":{"start":{"line":50,"column":33},"end":{"line":50,"column":35}},"18":{"start":{"line":51,"column":2},"end":{"line":62,"column":3}},"19":{"start":{"line":51,"column":15},"end":{"line":51,"column":16}},"20":{"start":{"line":52,"column":18},"end":{"line":54,"column":68}},"21":{"start":{"line":56,"column":18},"end":{"line":58,"column":77}},"22":{"start":{"line":59,"column":4},"end":{"line":59,"column":73}},"23":{"start":{"line":59,"column":17},"end":{"line":59,"column":73}},"24":{"start":{"line":60,"column":4},"end":{"line":60,"column":23}},"25":{"start":{"line":61,"column":4},"end":{"line":61,"column":74}},"26":{"start":{"line":61,"column":17},"end":{"line":61,"column":74}},"27":{"start":{"line":64,"column":2},"end":{"line":64,"column":35}},"28":{"start":{"line":65,"column":30},"end":{"line":65,"column":39}},"29":{"start":{"line":66,"column":2},"end":{"line":76,"column":3}},"30":{"start":{"line":66,"column":15},"end":{"line":66,"column":16}},"31":{"start":{"line":67,"column":18},"end":{"line":67,"column":79}},"32":{"start":{"line":68,"column":38},"end":{"line":71,"column":null}},"33":{"start":{"line":73,"column":4},"end":{"line":73,"column":73}},"34":{"start":{"line":73,"column":17},"end":{"line":73,"column":73}},"35":{"start":{"line":74,"column":4},"end":{"line":74,"column":24}},"36":{"start":{"line":75,"column":4},"end":{"line":75,"column":71}},"37":{"start":{"line":75,"column":17},"end":{"line":75,"column":71}},"38":{"start":{"line":79,"column":17},"end":{"line":79,"column":36}},"39":{"start":{"line":80,"column":18},"end":{"line":80,"column":31}},"40":{"start":{"line":81,"column":32},"end":{"line":81,"column":66}},"41":{"start":{"line":82,"column":4},"end":{"line":82,"column":22}},"42":{"start":{"line":84,"column":38},"end":{"line":86,"column":null}},"43":{"start":{"line":89,"column":2},"end":{"line":89,"column":64}},"44":{"start":{"line":90,"column":2},"end":{"line":92,"column":3}},"45":{"start":{"line":91,"column":4},"end":{"line":91,"column":48}},"46":{"start":{"line":94,"column":2},"end":{"line":94,"column":15}},"47":{"start":{"line":12,"column":0},"end":{"line":12,"column":7}}},"fnMap":{"0":{"name":"calculateProof","decl":{"start":{"line":12,"column":22},"end":{"line":12,"column":36}},"loc":{"start":{"line":16,"column":26},"end":{"line":95,"column":1}}},"1":{"name":"isAccepted","decl":{"start":{"line":78,"column":11},"end":{"line":78,"column":21}},"loc":{"start":{"line":78,"column":47},"end":{"line":83,"column":3}}}},"branchMap":{"0":{"loc":{"start":{"line":16,"column":2},"end":{"line":16,"column":26}},"type":"default-arg","locations":[{"start":{"line":16,"column":21},"end":{"line":16,"column":26}}]},"1":{"loc":{"start":{"line":19,"column":2},"end":{"line":20,"column":55}},"type":"if","locations":[{"start":{"line":19,"column":2},"end":{"line":20,"column":55}}]},"2":{"loc":{"start":{"line":31,"column":4},"end":{"line":47,"column":5}},"type":"if","locations":[{"start":{"line":31,"column":4},"end":{"line":47,"column":5}},{"start":{"line":45,"column":11},"end":{"line":47,"column":5}}]},"3":{"loc":{"start":{"line":52,"column":18},"end":{"line":54,"column":68}},"type":"cond-expr","locations":[{"start":{"line":53,"column":8},"end":{"line":53,"column":68}},{"start":{"line":54,"column":8},"end":{"line":54,"column":68}}]},"4":{"loc":{"start":{"line":56,"column":18},"end":{"line":58,"column":77}},"type":"cond-expr","locations":[{"start":{"line":57,"column":8},"end":{"line":57,"column":77}},{"start":{"line":58,"column":8},"end":{"line":58,"column":77}}]},"5":{"loc":{"start":{"line":59,"column":4},"end":{"line":59,"column":73}},"type":"if","locations":[{"start":{"line":59,"column":4},"end":{"line":59,"column":73}}]},"6":{"loc":{"start":{"line":61,"column":4},"end":{"line":61,"column":74}},"type":"if","locations":[{"start":{"line":61,"column":4},"end":{"line":61,"column":74}}]},"7":{"loc":{"start":{"line":73,"column":4},"end":{"line":73,"column":73}},"type":"if","locations":[{"start":{"line":73,"column":4},"end":{"line":73,"column":73}}]},"8":{"loc":{"start":{"line":75,"column":4},"end":{"line":75,"column":71}},"type":"if","locations":[{"start":{"line":75,"column":4},"end":{"line":75,"column":71}}]},"9":{"loc":{"start":{"line":90,"column":2},"end":{"line":92,"column":3}},"type":"if","locations":[{"start":{"line":90,"column":2},"end":{"line":92,"column":3}}]}},"s":{"0":1,"1":1,"2":1,"3":3,"4":3,"5":0,"6":3,"7":3,"8":7,"9":7,"10":6,"11":6,"12":6,"13":6,"14":6,"15":6,"16":1,"17":3,"18":3,"19":3,"20":7,"21":7,"22":7,"23":3,"24":7,"25":7,"26":7,"27":3,"28":3,"29":3,"30":3,"31":4,"32":4,"33":4,"34":2,"35":4,"36":4,"37":4,"38":7,"39":7,"40":7,"41":7,"42":3,"43":3,"44":3,"45":0,"46":3,"47":1},"f":{"0":3,"1":7},"b":{"0":[0],"1":[0],"2":[6,1],"3":[6,1],"4":[6,1],"5":[3],"6":[7],"7":[2],"8":[4],"9":[0]}}
,"/Users/mike/Documents/DeFi/zkCloudWorker/domain-name-contract/src/contract/storage.ts": {"path":"/Users/mike/Documents/DeFi/zkCloudWorker/domain-name-contract/src/contract/storage.ts","statementMap":{"0":{"start":{"line":1,"column":0},"end":{"line":1,"column":37}},"1":{"start":{"line":2,"column":0},"end":{"line":2,"column":26}},"2":{"start":{"line":14,"column":4},"end":{"line":14,"column":17}},"3":{"start":{"line":17,"column":4},"end":{"line":17,"column":27}},"4":{"start":{"line":21,"column":4},"end":{"line":21,"column":63}},"5":{"start":{"line":10,"column":0},"end":{"line":10,"column":13}},"6":{"start":{"line":29,"column":2},"end":{"line":55,"column":3}},"7":{"start":{"line":30,"column":16},"end":{"line":30,"column":45}},"8":{"start":{"line":31,"column":17},"end":{"line":31,"column":44}},"9":{"start":{"line":33,"column":19},"end":{"line":38,"column":6}},"10":{"start":{"line":40,"column":4},"end":{"line":42,"column":62}},"11":{"start":{"line":42,"column":6},"end":{"line":42,"column":62}},"12":{"start":{"line":44,"column":16},"end":{"line":47,"column":null}},"13":{"start":{"line":50,"column":4},"end":{"line":50,"column":48}},"14":{"start":{"line":51,"column":4},"end":{"line":51,"column":29}},"15":{"start":{"line":53,"column":4},"end":{"line":53,"column":40}},"16":{"start":{"line":54,"column":4},"end":{"line":54,"column":21}},"17":{"start":{"line":25,"column":0},"end":{"line":25,"column":7}},"18":{"start":{"line":59,"column":2},"end":{"line":70,"column":3}},"19":{"start":{"line":61,"column":6},"end":{"line":63,"column":92}},"20":{"start":{"line":65,"column":17},"end":{"line":65,"column":44}},"21":{"start":{"line":66,"column":4},"end":{"line":66,"column":16}},"22":{"start":{"line":68,"column":4},"end":{"line":68,"column":42}},"23":{"start":{"line":69,"column":4},"end":{"line":69,"column":21}},"24":{"start":{"line":58,"column":0},"end":{"line":58,"column":7}}},"fnMap":{"0":{"name":"(anonymous_1)","decl":{"start":{"line":13,"column":2},"end":{"line":13,"column":14}},"loc":{"start":{"line":13,"column":51},"end":{"line":15,"column":3}}},"1":{"name":"(anonymous_2)","decl":{"start":{"line":16,"column":2},"end":{"line":16,"column":10}},"loc":{"start":{"line":16,"column":10},"end":{"line":18,"column":3}}},"2":{"name":"(anonymous_3)","decl":{"start":{"line":20,"column":2},"end":{"line":20,"column":8}},"loc":{"start":{"line":20,"column":35},"end":{"line":22,"column":3}}},"3":{"name":"saveToIPFS","decl":{"start":{"line":25,"column":22},"end":{"line":25,"column":32}},"loc":{"start":{"line":27,"column":31},"end":{"line":56,"column":1}}},"4":{"name":"loadFromIPFS","decl":{"start":{"line":58,"column":22},"end":{"line":58,"column":34}},"loc":{"start":{"line":58,"column":47},"end":{"line":71,"column":1}}}},"branchMap":{"0":{"loc":{"start":{"line":31,"column":17},"end":{"line":31,"column":44}},"type":"binary-expr","locations":[{"start":{"line":31,"column":17},"end":{"line":31,"column":38}},{"start":{"line":31,"column":42},"end":{"line":31,"column":44}}]},"1":{"loc":{"start":{"line":40,"column":4},"end":{"line":42,"column":62}},"type":"if","locations":[{"start":{"line":40,"column":4},"end":{"line":42,"column":62}}]}},"s":{"0":3,"1":3,"2":135,"3":62,"4":132,"5":3,"6":0,"7":0,"8":0,"9":0,"10":0,"11":0,"12":0,"13":0,"14":0,"15":0,"16":0,"17":3,"18":0,"19":0,"20":0,"21":0,"22":0,"23":0,"24":3},"f":{"0":135,"1":62,"2":132,"3":0,"4":0},"b":{"0":[0,0],"1":[0]}}
,"/Users/mike/Documents/DeFi/zkCloudWorker/domain-name-contract/src/contract/update.ts": {"path":"/Users/mike/Documents/DeFi/zkCloudWorker/domain-name-contract/src/contract/update.ts","statementMap":{"0":{"start":{"line":2,"column":0},"end":{"line":2,"column":null}},"1":{"start":{"line":11,"column":0},"end":{"line":11,"column":38}},"2":{"start":{"line":12,"column":0},"end":{"line":12,"column":36}},"3":{"start":{"line":20,"column":4},"end":{"line":20,"column":54}},"4":{"start":{"line":14,"column":0},"end":{"line":14,"column":13}},"5":{"start":{"line":31,"column":4},"end":{"line":36,"column":6}},"6":{"start":{"line":40,"column":4},"end":{"line":45,"column":7}},"7":{"start":{"line":49,"column":4},"end":{"line":53,"column":14}},"8":{"start":{"line":57,"column":4},"end":{"line":57,"column":21}},"9":{"start":{"line":61,"column":4},"end":{"line":61,"column":49}},"10":{"start":{"line":24,"column":0},"end":{"line":24,"column":13}},"11":{"start":{"line":74,"column":4},"end":{"line":81,"column":6}},"12":{"start":{"line":85,"column":4},"end":{"line":92,"column":7}},"13":{"start":{"line":1,"column":51},"end":{"line":1,"column":64}},"14":{"start":{"line":103,"column":16},"end":{"line":103,"column":27}},"15":{"start":{"line":104,"column":4},"end":{"line":104,"column":33}},"16":{"start":{"line":106,"column":18},"end":{"line":112,"column":null}},"17":{"start":{"line":114,"column":4},"end":{"line":114,"column":40}},"18":{"start":{"line":117,"column":6},"end":{"line":117,"column":55}},"19":{"start":{"line":118,"column":4},"end":{"line":118,"column":55}},"20":{"start":{"line":119,"column":4},"end":{"line":119,"column":44}},"21":{"start":{"line":121,"column":38},"end":{"line":122,"column":null}},"22":{"start":{"line":124,"column":4},"end":{"line":124,"column":54}},"23":{"start":{"line":126,"column":17},"end":{"line":126,"column":30}},"24":{"start":{"line":128,"column":4},"end":{"line":133,"column":7}},"25":{"start":{"line":137,"column":17},"end":{"line":137,"column":30}},"26":{"start":{"line":138,"column":4},"end":{"line":143,"column":7}},"27":{"start":{"line":147,"column":4},"end":{"line":147,"column":58}},"28":{"start":{"line":148,"column":4},"end":{"line":153,"column":7}},"29":{"start":{"line":157,"column":4},"end":{"line":157,"column":58}},"30":{"start":{"line":158,"column":4},"end":{"line":158,"column":58}},"31":{"start":{"line":159,"column":4},"end":{"line":159,"column":52}},"32":{"start":{"line":160,"column":4},"end":{"line":160,"column":54}},"33":{"start":{"line":164,"column":4},"end":{"line":164,"column":63}},"34":{"start":{"line":168,"column":4},"end":{"line":173,"column":7}},"35":{"start":{"line":1,"column":20},"end":{"line":1,"column":33}},"36":{"start":{"line":177,"column":18},"end":{"line":218,"column":2}},"37":{"start":{"line":186,"column":30},"end":{"line":186,"column":66}},"38":{"start":{"line":187,"column":8},"end":{"line":187,"column":57}},"39":{"start":{"line":195,"column":30},"end":{"line":195,"column":64}},"40":{"start":{"line":196,"column":8},"end":{"line":196,"column":57}},"41":{"start":{"line":208,"column":8},"end":{"line":208,"column":24}},"42":{"start":{"line":209,"column":8},"end":{"line":209,"column":24}},"43":{"start":{"line":210,"column":30},"end":{"line":212,"column":null}},"44":{"start":{"line":214,"column":8},"end":{"line":214,"column":60}},"45":{"start":{"line":1,"column":9},"end":{"line":1,"column":18}},"46":{"start":{"line":1,"column":35},"end":{"line":1,"column":49}}},"fnMap":{"0":{"name":"(anonymous_0)","decl":{"start":{"line":19,"column":2},"end":{"line":19,"column":6}},"loc":{"start":{"line":19,"column":6},"end":{"line":21,"column":3}}},"1":{"name":"(anonymous_1)","decl":{"start":{"line":30,"column":2},"end":{"line":30,"column":10}},"loc":{"start":{"line":30,"column":10},"end":{"line":37,"column":3}}},"2":{"name":"(anonymous_2)","decl":{"start":{"line":39,"column":2},"end":{"line":39,"column":8}},"loc":{"start":{"line":39,"column":35},"end":{"line":46,"column":3}}},"3":{"name":"(anonymous_3)","decl":{"start":{"line":48,"column":2},"end":{"line":48,"column":7}},"loc":{"start":{"line":48,"column":7},"end":{"line":54,"column":3}}},"4":{"name":"(anonymous_4)","decl":{"start":{"line":56,"column":2},"end":{"line":56,"column":5}},"loc":{"start":{"line":56,"column":5},"end":{"line":58,"column":3}}},"5":{"name":"(anonymous_5)","decl":{"start":{"line":60,"column":2},"end":{"line":60,"column":6}},"loc":{"start":{"line":60,"column":6},"end":{"line":62,"column":3}}},"6":{"name":"(anonymous_6)","decl":{"start":{"line":73,"column":2},"end":{"line":73,"column":10}},"loc":{"start":{"line":73,"column":10},"end":{"line":82,"column":3}}},"7":{"name":"(anonymous_7)","decl":{"start":{"line":84,"column":2},"end":{"line":84,"column":8}},"loc":{"start":{"line":84,"column":35},"end":{"line":93,"column":3}}},"8":{"name":"(anonymous_8)","decl":{"start":{"line":102,"column":2},"end":{"line":102,"column":8}},"loc":{"start":{"line":102,"column":57},"end":{"line":134,"column":3}}},"9":{"name":"(anonymous_9)","decl":{"start":{"line":136,"column":2},"end":{"line":136,"column":8}},"loc":{"start":{"line":136,"column":47},"end":{"line":144,"column":3}}},"10":{"name":"(anonymous_10)","decl":{"start":{"line":146,"column":2},"end":{"line":146,"column":8}},"loc":{"start":{"line":146,"column":69},"end":{"line":154,"column":3}}},"11":{"name":"(anonymous_11)","decl":{"start":{"line":156,"column":2},"end":{"line":156,"column":8}},"loc":{"start":{"line":156,"column":76},"end":{"line":161,"column":3}}},"12":{"name":"(anonymous_12)","decl":{"start":{"line":163,"column":2},"end":{"line":163,"column":10}},"loc":{"start":{"line":163,"column":10},"end":{"line":165,"column":3}}},"13":{"name":"(anonymous_13)","decl":{"start":{"line":167,"column":2},"end":{"line":167,"column":8}},"loc":{"start":{"line":167,"column":35},"end":{"line":174,"column":3}}},"14":{"name":"(anonymous_14)","decl":{"start":{"line":185,"column":6},"end":{"line":185,"column":12}},"loc":{"start":{"line":185,"column":76},"end":{"line":188,"column":7}}},"15":{"name":"(anonymous_15)","decl":{"start":{"line":194,"column":6},"end":{"line":194,"column":12}},"loc":{"start":{"line":194,"column":66},"end":{"line":197,"column":7}}},"16":{"name":"(anonymous_16)","decl":{"start":{"line":203,"column":6},"end":{"line":203,"column":12}},"loc":{"start":{"line":206,"column":46},"end":{"line":215,"column":7}}}},"branchMap":{},"s":{"0":2,"1":2,"2":2,"3":1117,"4":2,"5":34,"6":126,"7":1117,"8":6,"9":56,"10":2,"11":0,"12":10,"13":2,"14":16,"15":16,"16":16,"17":16,"18":16,"19":16,"20":16,"21":16,"22":16,"23":16,"24":16,"25":6,"26":6,"27":12,"28":12,"29":23,"30":23,"31":23,"32":23,"33":21,"34":61,"35":2,"36":2,"37":10,"38":10,"39":5,"40":5,"41":8,"42":8,"43":8,"44":8,"45":2,"46":2},"f":{"0":1117,"1":34,"2":126,"3":1117,"4":6,"5":56,"6":0,"7":10,"8":16,"9":6,"10":12,"11":23,"12":21,"13":61,"14":10,"15":5,"16":8},"b":{}}
,"/Users/mike/Documents/DeFi/zkCloudWorker/domain-name-contract/src/lib/fast-merkle-map.ts": {"path":"/Users/mike/Documents/DeFi/zkCloudWorker/domain-name-contract/src/lib/fast-merkle-map.ts","statementMap":{"0":{"start":{"line":2,"column":0},"end":{"line":2,"column":52}},"1":{"start":{"line":4,"column":13},"end":{"line":4,"column":16}},"2":{"start":{"line":15,"column":4},"end":{"line":15,"column":45}},"3":{"start":{"line":20,"column":18},"end":{"line":24,"column":32}},"4":{"start":{"line":24,"column":18},"end":{"line":24,"column":31}},"5":{"start":{"line":26,"column":12},"end":{"line":26,"column":14}},"6":{"start":{"line":27,"column":4},"end":{"line":30,"column":5}},"7":{"start":{"line":27,"column":17},"end":{"line":27,"column":18}},"8":{"start":{"line":28,"column":16},"end":{"line":28,"column":34}},"9":{"start":{"line":29,"column":6},"end":{"line":29,"column":39}},"10":{"start":{"line":32,"column":4},"end":{"line":32,"column":13}},"11":{"start":{"line":36,"column":18},"end":{"line":43,"column":6}},"12":{"start":{"line":37,"column":20},"end":{"line":37,"column":46}},"13":{"start":{"line":38,"column":6},"end":{"line":42,"column":8}},"14":{"start":{"line":45,"column":4},"end":{"line":45,"column":31}},"15":{"start":{"line":54,"column":18},"end":{"line":54,"column":39}},"16":{"start":{"line":55,"column":4},"end":{"line":55,"column":36}},"17":{"start":{"line":64,"column":18},"end":{"line":64,"column":39}},"18":{"start":{"line":65,"column":4},"end":{"line":65,"column":39}},"19":{"start":{"line":73,"column":4},"end":{"line":73,"column":31}},"20":{"start":{"line":11,"column":0},"end":{"line":11,"column":13}}},"fnMap":{"0":{"name":"(anonymous_0)","decl":{"start":{"line":14,"column":2},"end":{"line":14,"column":null}},"loc":{"start":{"line":14,"column":2},"end":{"line":16,"column":3}}},"1":{"name":"(anonymous_1)","decl":{"start":{"line":18,"column":2},"end":{"line":18,"column":13}},"loc":{"start":{"line":18,"column":24},"end":{"line":33,"column":3}}},"2":{"name":"(anonymous_2)","decl":{"start":{"line":24,"column":11},"end":{"line":24,"column":12}},"loc":{"start":{"line":24,"column":18},"end":{"line":24,"column":31}}},"3":{"name":"(anonymous_3)","decl":{"start":{"line":35,"column":9},"end":{"line":35,"column":18}},"loc":{"start":{"line":35,"column":45},"end":{"line":46,"column":3}}},"4":{"name":"(anonymous_4)","decl":{"start":{"line":36,"column":29},"end":{"line":36,"column":30}},"loc":{"start":{"line":36,"column":38},"end":{"line":43,"column":5}}},"5":{"name":"(anonymous_5)","decl":{"start":{"line":53,"column":2},"end":{"line":53,"column":5}},"loc":{"start":{"line":53,"column":30},"end":{"line":56,"column":3}}},"6":{"name":"(anonymous_6)","decl":{"start":{"line":63,"column":2},"end":{"line":63,"column":5}},"loc":{"start":{"line":63,"column":16},"end":{"line":66,"column":3}}},"7":{"name":"(anonymous_7)","decl":{"start":{"line":72,"column":2},"end":{"line":72,"column":9}},"loc":{"start":{"line":72,"column":9},"end":{"line":74,"column":3}}}},"branchMap":{"0":{"loc":{"start":{"line":28,"column":16},"end":{"line":28,"column":34}},"type":"cond-expr","locations":[{"start":{"line":28,"column":29},"end":{"line":28,"column":30}},{"start":{"line":28,"column":33},"end":{"line":28,"column":34}}]}},"s":{"0":1,"1":1,"2":1,"3":100,"4":25500,"5":100,"6":100,"7":100,"8":25500,"9":25500,"10":100,"11":1,"12":100,"13":100,"14":1,"15":0,"16":0,"17":0,"18":0,"19":1,"20":1},"f":{"0":1,"1":100,"2":25500,"3":1,"4":100,"5":0,"6":0,"7":1},"b":{"0":[12304,13196]}}
,"/Users/mike/Documents/DeFi/zkCloudWorker/domain-name-contract/src/lib/fast-merkle-tree.ts": {"path":"/Users/mike/Documents/DeFi/zkCloudWorker/domain-name-contract/src/lib/fast-merkle-tree.ts","statementMap":{"0":{"start":{"line":1,"column":0},"end":{"line":1,"column":39}},"1":{"start":{"line":22,"column":4},"end":{"line":22,"column":25}},"2":{"start":{"line":23,"column":4},"end":{"line":23,"column":20}},"3":{"start":{"line":24,"column":4},"end":{"line":24,"column":26}},"4":{"start":{"line":25,"column":4},"end":{"line":25,"column":18}},"5":{"start":{"line":29,"column":4},"end":{"line":29,"column":41}},"6":{"start":{"line":30,"column":4},"end":{"line":30,"column":30}},"7":{"start":{"line":31,"column":4},"end":{"line":33,"column":5}},"8":{"start":{"line":31,"column":17},"end":{"line":31,"column":18}},"9":{"start":{"line":32,"column":6},"end":{"line":32,"column":79}},"10":{"start":{"line":37,"column":4},"end":{"line":39,"column":5}},"11":{"start":{"line":38,"column":6},"end":{"line":38,"column":70}},"12":{"start":{"line":41,"column":4},"end":{"line":41,"column":28}},"13":{"start":{"line":43,"column":4},"end":{"line":43,"column":26}},"14":{"start":{"line":45,"column":27},"end":{"line":45,"column":40}},"15":{"start":{"line":46,"column":4},"end":{"line":48,"column":5}},"16":{"start":{"line":47,"column":6},"end":{"line":47,"column":16}},"17":{"start":{"line":50,"column":18},"end":{"line":54,"column":7}},"18":{"start":{"line":50,"column":75},"end":{"line":54,"column":6}},"19":{"start":{"line":56,"column":4},"end":{"line":56,"column":26}},"20":{"start":{"line":60,"column":4},"end":{"line":60,"column":45}},"21":{"start":{"line":64,"column":4},"end":{"line":66,"column":5}},"22":{"start":{"line":65,"column":6},"end":{"line":65,"column":50}},"23":{"start":{"line":68,"column":19},"end":{"line":68,"column":36}},"24":{"start":{"line":70,"column":4},"end":{"line":76,"column":5}},"25":{"start":{"line":70,"column":17},"end":{"line":70,"column":18}},"26":{"start":{"line":71,"column":27},"end":{"line":71,"column":42}},"27":{"start":{"line":72,"column":26},"end":{"line":72,"column":67}},"28":{"start":{"line":73,"column":6},"end":{"line":73,"column":32}},"29":{"start":{"line":75,"column":6},"end":{"line":75,"column":51}},"30":{"start":{"line":78,"column":4},"end":{"line":98,"column":5}},"31":{"start":{"line":78,"column":21},"end":{"line":78,"column":22}},"32":{"start":{"line":79,"column":35},"end":{"line":79,"column":52}},"33":{"start":{"line":81,"column":6},"end":{"line":81,"column":35}},"34":{"start":{"line":83,"column":6},"end":{"line":95,"column":7}},"35":{"start":{"line":84,"column":28},"end":{"line":84,"column":69}},"36":{"start":{"line":85,"column":8},"end":{"line":85,"column":46}},"37":{"start":{"line":87,"column":26},"end":{"line":87,"column":68}},"38":{"start":{"line":88,"column":27},"end":{"line":88,"column":74}},"39":{"start":{"line":90,"column":8},"end":{"line":94,"column":11}},"40":{"start":{"line":97,"column":6},"end":{"line":97,"column":38}},"41":{"start":{"line":102,"column":4},"end":{"line":102,"column":71}},"42":{"start":{"line":106,"column":4},"end":{"line":106,"column":51}},"43":{"start":{"line":110,"column":4},"end":{"line":110,"column":73}},"44":{"start":{"line":114,"column":4},"end":{"line":116,"column":5}},"45":{"start":{"line":115,"column":6},"end":{"line":115,"column":21}},"46":{"start":{"line":118,"column":4},"end":{"line":122,"column":7}},"47":{"start":{"line":126,"column":4},"end":{"line":126,"column":41}},"48":{"start":{"line":15,"column":0},"end":{"line":15,"column":13}}},"fnMap":{"0":{"name":"(anonymous_0)","decl":{"start":{"line":21,"column":2},"end":{"line":21,"column":14}},"loc":{"start":{"line":21,"column":28},"end":{"line":26,"column":3}}},"1":{"name":"(anonymous_1)","decl":{"start":{"line":28,"column":10},"end":{"line":28,"column":24}},"loc":{"start":{"line":28,"column":24},"end":{"line":34,"column":3}}},"2":{"name":"(anonymous_2)","decl":{"start":{"line":36,"column":10},"end":{"line":36,"column":31}},"loc":{"start":{"line":36,"column":49},"end":{"line":57,"column":3}}},"3":{"name":"(anonymous_3)","decl":{"start":{"line":50,"column":53},"end":{"line":50,"column":54}},"loc":{"start":{"line":50,"column":75},"end":{"line":54,"column":6}}},"4":{"name":"(anonymous_4)","decl":{"start":{"line":59,"column":9},"end":{"line":59,"column":16}},"loc":{"start":{"line":59,"column":16},"end":{"line":61,"column":3}}},"5":{"name":"(anonymous_5)","decl":{"start":{"line":63,"column":9},"end":{"line":63,"column":18}},"loc":{"start":{"line":63,"column":39},"end":{"line":99,"column":3}}},"6":{"name":"(anonymous_6)","decl":{"start":{"line":101,"column":9},"end":{"line":101,"column":16}},"loc":{"start":{"line":101,"column":45},"end":{"line":103,"column":3}}},"7":{"name":"(anonymous_7)","decl":{"start":{"line":105,"column":9},"end":{"line":105,"column":20}},"loc":{"start":{"line":105,"column":49},"end":{"line":107,"column":3}}},"8":{"name":"(anonymous_8)","decl":{"start":{"line":109,"column":9},"end":{"line":109,"column":16}},"loc":{"start":{"line":109,"column":33},"end":{"line":111,"column":3}}},"9":{"name":"(anonymous_9)","decl":{"start":{"line":113,"column":9},"end":{"line":113,"column":16}},"loc":{"start":{"line":113,"column":45},"end":{"line":123,"column":3}}},"10":{"name":"(anonymous_10)","decl":{"start":{"line":125,"column":2},"end":{"line":125,"column":6}},"loc":{"start":{"line":125,"column":15},"end":{"line":127,"column":3}}}},"branchMap":{"0":{"loc":{"start":{"line":37,"column":4},"end":{"line":39,"column":5}},"type":"if","locations":[{"start":{"line":37,"column":4},"end":{"line":39,"column":5}}]},"1":{"loc":{"start":{"line":46,"column":4},"end":{"line":48,"column":5}},"type":"if","locations":[{"start":{"line":46,"column":4},"end":{"line":48,"column":5}}]},"2":{"loc":{"start":{"line":64,"column":4},"end":{"line":66,"column":5}},"type":"if","locations":[{"start":{"line":64,"column":4},"end":{"line":66,"column":5}}]},"3":{"loc":{"start":{"line":102,"column":11},"end":{"line":102,"column":70}},"type":"binary-expr","locations":[{"start":{"line":102,"column":11},"end":{"line":102,"column":48}},{"start":{"line":102,"column":52},"end":{"line":102,"column":70}}]},"4":{"loc":{"start":{"line":114,"column":4},"end":{"line":116,"column":5}},"type":"if","locations":[{"start":{"line":114,"column":4},"end":{"line":116,"column":5}}]}},"s":{"0":2,"1":2,"2":2,"3":2,"4":2,"5":2,"6":2,"7":2,"8":2,"9":274,"10":0,"11":0,"12":0,"13":0,"14":0,"15":0,"16":0,"17":0,"18":0,"19":0,"20":2,"21":2,"22":0,"23":2,"24":2,"25":2,"26":10100,"27":10100,"28":10100,"29":10100,"30":2,"31":2,"32":274,"33":274,"34":274,"35":34662,"36":34662,"37":34662,"38":34662,"39":34662,"40":274,"41":69326,"42":10100,"43":44762,"44":10100,"45":10100,"46":10100,"47":2,"48":2},"f":{"0":2,"1":2,"2":0,"3":0,"4":2,"5":2,"6":69326,"7":10100,"8":44762,"9":10100,"10":2},"b":{"0":[0],"1":[0],"2":[0],"3":[69326,24564],"4":[10100]}}
,"/Users/mike/Documents/DeFi/zkCloudWorker/domain-name-contract/src/lib/hash.ts": {"path":"/Users/mike/Documents/DeFi/zkCloudWorker/domain-name-contract/src/lib/hash.ts","statementMap":{"0":{"start":{"line":1,"column":0},"end":{"line":1,"column":58}},"1":{"start":{"line":4,"column":13},"end":{"line":4,"column":25}},"2":{"start":{"line":5,"column":2},"end":{"line":5,"column":41}},"3":{"start":{"line":3,"column":0},"end":{"line":3,"column":16}},"4":{"start":{"line":9,"column":18},"end":{"line":9,"column":35}},"5":{"start":{"line":10,"column":2},"end":{"line":10,"column":65}},"6":{"start":{"line":10,"column":34},"end":{"line":10,"column":65}},"7":{"start":{"line":11,"column":20},"end":{"line":11,"column":41}},"8":{"start":{"line":12,"column":2},"end":{"line":14,"column":4}},"9":{"start":{"line":8,"column":0},"end":{"line":8,"column":16}},"10":{"start":{"line":18,"column":2},"end":{"line":18,"column":36}},"11":{"start":{"line":17,"column":0},"end":{"line":17,"column":16}},"12":{"start":{"line":22,"column":2},"end":{"line":22,"column":43}},"13":{"start":{"line":21,"column":0},"end":{"line":21,"column":16}},"14":{"start":{"line":26,"column":19},"end":{"line":26,"column":41}},"15":{"start":{"line":27,"column":2},"end":{"line":27,"column":62}},"16":{"start":{"line":25,"column":0},"end":{"line":25,"column":16}},"17":{"start":{"line":31,"column":2},"end":{"line":31,"column":36}},"18":{"start":{"line":30,"column":0},"end":{"line":30,"column":16}},"19":{"start":{"line":34,"column":17},"end":{"line":37,"column":2}},"20":{"start":{"line":40,"column":2},"end":{"line":40,"column":65}},"21":{"start":{"line":43,"column":2},"end":{"line":43,"column":66}},"22":{"start":{"line":46,"column":16},"end":{"line":46,"column":33}},"23":{"start":{"line":49,"column":2},"end":{"line":49,"column":32}},"24":{"start":{"line":60,"column":2},"end":{"line":60,"column":25}},"25":{"start":{"line":64,"column":13},"end":{"line":64,"column":65}},"26":{"start":{"line":64,"column":31},"end":{"line":64,"column":64}},"27":{"start":{"line":64,"column":46},"end":{"line":64,"column":63}},"28":{"start":{"line":65,"column":13},"end":{"line":65,"column":31}},"29":{"start":{"line":66,"column":2},"end":{"line":66,"column":24}},"30":{"start":{"line":69,"column":16},"end":{"line":94,"column":2}},"31":{"start":{"line":71,"column":15},"end":{"line":71,"column":59}},"32":{"start":{"line":72,"column":4},"end":{"line":72,"column":30}},"33":{"start":{"line":75,"column":20},"end":{"line":75,"column":57}},"34":{"start":{"line":76,"column":15},"end":{"line":79,"column":6}},"35":{"start":{"line":80,"column":4},"end":{"line":80,"column":52}},"36":{"start":{"line":83,"column":4},"end":{"line":83,"column":76}},"37":{"start":{"line":86,"column":4},"end":{"line":86,"column":38}},"38":{"start":{"line":89,"column":4},"end":{"line":89,"column":63}},"39":{"start":{"line":92,"column":4},"end":{"line":92,"column":80}}},"fnMap":{"0":{"name":"hashWithPrefix","decl":{"start":{"line":3,"column":16},"end":{"line":3,"column":30}},"loc":{"start":{"line":3,"column":61},"end":{"line":6,"column":1}}},"1":{"name":"prefixToField","decl":{"start":{"line":8,"column":16},"end":{"line":8,"column":29}},"loc":{"start":{"line":8,"column":44},"end":{"line":15,"column":1}}},"2":{"name":"stringToFields","decl":{"start":{"line":17,"column":16},"end":{"line":17,"column":30}},"loc":{"start":{"line":17,"column":40},"end":{"line":19,"column":1}}},"3":{"name":"stringFromFields","decl":{"start":{"line":21,"column":16},"end":{"line":21,"column":32}},"loc":{"start":{"line":21,"column":48},"end":{"line":23,"column":1}}},"4":{"name":"calculateActionsHash","decl":{"start":{"line":25,"column":16},"end":{"line":25,"column":36}},"loc":{"start":{"line":25,"column":76},"end":{"line":28,"column":1}}},"5":{"name":"emptyActionsHash","decl":{"start":{"line":30,"column":16},"end":{"line":30,"column":32}},"loc":{"start":{"line":30,"column":32},"end":{"line":32,"column":1}}},"6":{"name":"initialState","decl":{"start":{"line":39,"column":9},"end":{"line":39,"column":21}},"loc":{"start":{"line":39,"column":21},"end":{"line":41,"column":1}}},"7":{"name":"salt","decl":{"start":{"line":42,"column":9},"end":{"line":42,"column":13}},"loc":{"start":{"line":42,"column":28},"end":{"line":44,"column":1}}},"8":{"name":"stringToBytes","decl":{"start":{"line":48,"column":9},"end":{"line":48,"column":22}},"loc":{"start":{"line":48,"column":32},"end":{"line":50,"column":1}}},"9":{"name":"emptyHashWithPrefix","decl":{"start":{"line":59,"column":9},"end":{"line":59,"column":28}},"loc":{"start":{"line":59,"column":43},"end":{"line":61,"column":1}}},"10":{"name":"fromJSON","decl":{"start":{"line":63,"column":9},"end":{"line":63,"column":17}},"loc":{"start":{"line":63,"column":34},"end":{"line":67,"column":1}}},"11":{"name":"(anonymous_11)","decl":{"start":{"line":64,"column":22},"end":{"line":64,"column":23}},"loc":{"start":{"line":64,"column":31},"end":{"line":64,"column":64}}},"12":{"name":"(anonymous_12)","decl":{"start":{"line":64,"column":39},"end":{"line":64,"column":40}},"loc":{"start":{"line":64,"column":46},"end":{"line":64,"column":63}}},"13":{"name":"(anonymous_13)","decl":{"start":{"line":70,"column":2},"end":{"line":70,"column":7}},"loc":{"start":{"line":70,"column":7},"end":{"line":73,"column":3}}},"14":{"name":"(anonymous_14)","decl":{"start":{"line":74,"column":2},"end":{"line":74,"column":11}},"loc":{"start":{"line":74,"column":41},"end":{"line":81,"column":3}}},"15":{"name":"(anonymous_15)","decl":{"start":{"line":82,"column":2},"end":{"line":82,"column":10}},"loc":{"start":{"line":82,"column":26},"end":{"line":84,"column":3}}},"16":{"name":"(anonymous_16)","decl":{"start":{"line":85,"column":2},"end":{"line":85,"column":6}},"loc":{"start":{"line":85,"column":22},"end":{"line":87,"column":3}}},"17":{"name":"(anonymous_17)","decl":{"start":{"line":88,"column":2},"end":{"line":88,"column":18}},"loc":{"start":{"line":88,"column":18},"end":{"line":90,"column":3}}},"18":{"name":"(anonymous_18)","decl":{"start":{"line":91,"column":2},"end":{"line":91,"column":21}},"loc":{"start":{"line":91,"column":61},"end":{"line":93,"column":3}}}},"branchMap":{"0":{"loc":{"start":{"line":10,"column":2},"end":{"line":10,"column":65}},"type":"if","locations":[{"start":{"line":10,"column":2},"end":{"line":10,"column":65}}]}},"s":{"0":2,"1":21,"2":21,"3":2,"4":28,"5":28,"6":0,"7":28,"8":28,"9":2,"10":60,"11":2,"12":0,"13":2,"14":7,"15":7,"16":2,"17":2,"18":2,"19":2,"20":28,"21":28,"22":2,"23":28,"24":7,"25":7,"26":7,"27":56,"28":7,"29":7,"30":2,"31":7,"32":7,"33":7,"34":7,"35":7,"36":7,"37":7,"38":0,"39":7},"f":{"0":21,"1":28,"2":60,"3":0,"4":7,"5":2,"6":28,"7":28,"8":28,"9":7,"10":7,"11":7,"12":56,"13":7,"14":7,"15":7,"16":7,"17":0,"18":7},"b":{"0":[0]}}
,"/Users/mike/Documents/DeFi/zkCloudWorker/domain-name-contract/src/lib/memory.ts": {"path":"/Users/mike/Documents/DeFi/zkCloudWorker/domain-name-contract/src/lib/memory.ts","statementMap":{"0":{"start":{"line":5,"column":4},"end":{"line":5,"column":19}},"1":{"start":{"line":14,"column":23},"end":{"line":14,"column":44}},"2":{"start":{"line":15,"column":30},"end":{"line":16,"column":44}},"3":{"start":{"line":16,"column":6},"end":{"line":16,"column":44}},"4":{"start":{"line":17,"column":19},"end":{"line":17,"column":29}},"5":{"start":{"line":18,"column":4},"end":{"line":18,"column":69}},"6":{"start":{"line":18,"column":15},"end":{"line":18,"column":69}},"7":{"start":{"line":20,"column":24},"end":{"line":46,"column":10}},"8":{"start":{"line":48,"column":4},"end":{"line":48,"column":29}},"9":{"start":{"line":1,"column":0},"end":{"line":1,"column":13}},"10":{"start":{"line":3,"column":9},"end":{"line":3,"column":25}}},"fnMap":{"0":{"name":"(anonymous_0)","decl":{"start":{"line":4,"column":2},"end":{"line":4,"column":null}},"loc":{"start":{"line":4,"column":2},"end":{"line":6,"column":3}}},"1":{"name":"(anonymous_1)","decl":{"start":{"line":9,"column":9},"end":{"line":9,"column":15}},"loc":{"start":{"line":12,"column":26},"end":{"line":49,"column":3}}},"2":{"name":"(anonymous_2)","decl":{"start":{"line":15,"column":30},"end":{"line":15,"column":31}},"loc":{"start":{"line":16,"column":6},"end":{"line":16,"column":44}}}},"branchMap":{"0":{"loc":{"start":{"line":10,"column":4},"end":{"line":10,"column":28}},"type":"default-arg","locations":[{"start":{"line":10,"column":26},"end":{"line":10,"column":28}}]},"1":{"loc":{"start":{"line":11,"column":4},"end":{"line":11,"column":29}},"type":"default-arg","locations":[{"start":{"line":11,"column":24},"end":{"line":11,"column":29}}]},"2":{"loc":{"start":{"line":12,"column":4},"end":{"line":12,"column":26}},"type":"default-arg","locations":[{"start":{"line":12,"column":21},"end":{"line":12,"column":26}}]},"3":{"loc":{"start":{"line":18,"column":4},"end":{"line":18,"column":69}},"type":"if","locations":[{"start":{"line":18,"column":4},"end":{"line":18,"column":69}}]},"4":{"loc":{"start":{"line":20,"column":24},"end":{"line":46,"column":10}},"type":"cond-expr","locations":[{"start":{"line":21,"column":8},"end":{"line":39,"column":null}},{"start":{"line":40,"column":8},"end":{"line":46,"column":10}}]},"5":{"loc":{"start":{"line":23,"column":24},"end":{"line":25,"column":33}},"type":"cond-expr","locations":[{"start":{"line":24,"column":14},"end":{"line":24,"column":15}},{"start":{"line":25,"column":14},"end":{"line":25,"column":33}}]},"6":{"loc":{"start":{"line":41,"column":10},"end":{"line":45,"column":null}},"type":"cond-expr","locations":[{"start":{"line":42,"column":14},"end":{"line":42,"column":16}},{"start":{"line":43,"column":14},"end":{"line":45,"column":null}}]}},"s":{"0":0,"1":31,"2":31,"3":31,"4":31,"5":31,"6":6,"7":31,"8":31,"9":1,"10":1},"f":{"0":0,"1":31,"2":31},"b":{"0":[0],"1":[25],"2":[25],"3":[6],"4":[0,31],"5":[0,0],"6":[4,27]}}
,"/Users/mike/Documents/DeFi/zkCloudWorker/domain-name-contract/src/rollup/blocks.ts": {"path":"/Users/mike/Documents/DeFi/zkCloudWorker/domain-name-contract/src/rollup/blocks.ts","statementMap":{"0":{"start":{"line":1,"column":0},"end":{"line":1,"column":52}},"1":{"start":{"line":3,"column":0},"end":{"line":3,"column":76}},"2":{"start":{"line":5,"column":13},"end":{"line":5,"column":30}},"3":{"start":{"line":13,"column":14},"end":{"line":13,"column":29}},"4":{"start":{"line":14,"column":2},"end":{"line":16,"column":3}},"5":{"start":{"line":15,"column":4},"end":{"line":15,"column":40}},"6":{"start":{"line":17,"column":2},"end":{"line":17,"column":36}},"7":{"start":{"line":18,"column":2},"end":{"line":18,"column":23}},"8":{"start":{"line":36,"column":27},"end":{"line":36,"column":54}},"9":{"start":{"line":37,"column":15},"end":{"line":37,"column":28}},"10":{"start":{"line":38,"column":2},"end":{"line":38,"column":20}},"11":{"start":{"line":39,"column":18},"end":{"line":39,"column":32}},"12":{"start":{"line":40,"column":20},"end":{"line":40,"column":57}},"13":{"start":{"line":41,"column":2},"end":{"line":41,"column":40}},"14":{"start":{"line":42,"column":18},"end":{"line":42,"column":32}},"15":{"start":{"line":43,"column":18},"end":{"line":43,"column":70}},"16":{"start":{"line":44,"column":23},"end":{"line":49,"column":4}},"17":{"start":{"line":50,"column":16},"end":{"line":50,"column":53}},"18":{"start":{"line":52,"column":2},"end":{"line":52,"column":15}},"19":{"start":{"line":21,"column":0},"end":{"line":21,"column":7}}},"fnMap":{"0":{"name":"createBlock","decl":{"start":{"line":12,"column":9},"end":{"line":12,"column":20}},"loc":{"start":{"line":12,"column":68},"end":{"line":19,"column":1}}},"1":{"name":"addBlock","decl":{"start":{"line":21,"column":22},"end":{"line":21,"column":30}},"loc":{"start":{"line":24,"column":23},"end":{"line":53,"column":1}}}},"branchMap":{},"s":{"0":1,"1":1,"2":1,"3":3,"4":3,"5":30,"6":3,"7":3,"8":3,"9":3,"10":3,"11":3,"12":3,"13":3,"14":3,"15":3,"16":3,"17":3,"18":3,"19":1},"f":{"0":3,"1":3},"b":{}}
,"/Users/mike/Documents/DeFi/zkCloudWorker/domain-name-contract/src/rollup/proof.ts": {"path":"/Users/mike/Documents/DeFi/zkCloudWorker/domain-name-contract/src/rollup/proof.ts","statementMap":{"0":{"start":{"line":1,"column":0},"end":{"line":1,"column":63}},"1":{"start":{"line":5,"column":0},"end":{"line":5,"column":13}},"2":{"start":{"line":14,"column":4},"end":{"line":19,"column":6}},"3":{"start":{"line":24,"column":4},"end":{"line":29,"column":7}},"4":{"start":{"line":7,"column":0},"end":{"line":7,"column":13}},"5":{"start":{"line":33,"column":13},"end":{"line":51,"column":3}},"6":{"start":{"line":42,"column":31},"end":{"line":42,"column":62}},"7":{"start":{"line":43,"column":8},"end":{"line":43,"column":51}},"8":{"start":{"line":44,"column":31},"end":{"line":44,"column":65}},"9":{"start":{"line":45,"column":8},"end":{"line":45,"column":51}},"10":{"start":{"line":46,"column":32},"end":{"line":46,"column":56}},"11":{"start":{"line":47,"column":8},"end":{"line":47,"column":50}},"12":{"start":{"line":53,"column":0},"end":{"line":53,"column":13}}},"fnMap":{"0":{"name":"(anonymous_0)","decl":{"start":{"line":13,"column":9},"end":{"line":13,"column":15}},"loc":{"start":{"line":13,"column":15},"end":{"line":20,"column":3}}},"1":{"name":"(anonymous_1)","decl":{"start":{"line":23,"column":9},"end":{"line":23,"column":15}},"loc":{"start":{"line":23,"column":34},"end":{"line":30,"column":3}}},"2":{"name":"(anonymous_2)","decl":{"start":{"line":41,"column":6},"end":{"line":41,"column":12}},"loc":{"start":{"line":41,"column":53},"end":{"line":48,"column":7}}}},"branchMap":{},"s":{"0":1,"1":1,"2":0,"3":0,"4":1,"5":1,"6":7,"7":7,"8":7,"9":7,"10":7,"11":7,"12":1},"f":{"0":0,"1":0,"2":7},"b":{}}
}
