TN:
SF:src/contract/domain-contract.ts
FN:31,(anonymous_2)
FN:42,(anonymous_3)
FN:51,(anonymous_4)
FN:73,(anonymous_5)
FN:82,(anonymous_6)
FN:91,(anonymous_7)
FN:123,(anonymous_8)
FN:148,(anonymous_9)
FN:168,(anonymous_10)
FN:186,(anonymous_11)
FN:193,(anonymous_12)
FNF:11
FNH:11
FNDA:12,(anonymous_2)
FNDA:33,(anonymous_3)
FNDA:2,(anonymous_4)
FNDA:24,(anonymous_5)
FNDA:3,(anonymous_6)
FNDA:12,(anonymous_7)
FNDA:36,(anonymous_8)
FNDA:3,(anonymous_9)
FNDA:3,(anonymous_10)
FNDA:3,(anonymous_11)
FNDA:6,(anonymous_12)
DA:1,1
DA:16,1
DA:17,1
DA:18,1
DA:20,1
DA:22,1
DA:27,1
DA:32,12
DA:33,12
DA:37,1
DA:42,1
DA:43,33
DA:44,33
DA:45,33
DA:46,33
DA:47,33
DA:48,33
DA:49,33
DA:52,2
DA:53,2
DA:61,33
DA:65,33
DA:73,1
DA:74,24
DA:75,24
DA:77,24
DA:78,24
DA:79,24
DA:82,1
DA:83,3
DA:84,3
DA:86,3
DA:87,3
DA:88,3
DA:91,1
DA:98,12
DA:99,12
DA:100,12
DA:101,12
DA:102,12
DA:103,12
DA:105,12
DA:106,12
DA:107,12
DA:109,12
DA:114,12
DA:120,12
DA:124,36
DA:138,12
DA:139,12
DA:140,12
DA:141,12
DA:142,12
DA:143,12
DA:144,12
DA:145,12
DA:148,1
DA:153,3
DA:154,3
DA:155,3
DA:156,3
DA:158,3
DA:159,3
DA:160,3
DA:161,3
DA:165,3
DA:168,1
DA:173,3
DA:174,3
DA:175,3
DA:176,3
DA:178,3
DA:179,3
DA:183,3
DA:186,1
DA:187,3
DA:188,3
DA:189,3
DA:193,1
DA:194,6
DA:195,6
DA:196,6
DA:197,6
LF:83
LH:83
BRF:0
BRH:0
end_of_record
TN:
SF:src/contract/metadata.ts
FN:18,(anonymous_0)
FN:23,(anonymous_1)
FN:27,(anonymous_2)
FN:49,(anonymous_3)
FN:54,(anonymous_4)
FN:58,(anonymous_5)
FN:85,(anonymous_6)
FN:97,(anonymous_7)
FN:113,(anonymous_8)
FNF:9
FNH:2
FNDA:0,(anonymous_0)
FNDA:62,(anonymous_1)
FNDA:126,(anonymous_2)
FNDA:0,(anonymous_3)
FNDA:0,(anonymous_4)
FNDA:0,(anonymous_5)
FNDA:0,(anonymous_6)
FNDA:0,(anonymous_7)
FNDA:0,(anonymous_8)
DA:1,2
DA:2,2
DA:9,2
DA:19,0
DA:20,0
DA:24,62
DA:28,126
DA:40,2
DA:50,0
DA:51,0
DA:55,0
DA:59,0
DA:76,2
DA:94,0
DA:98,0
DA:99,0
DA:114,0
DA:115,0
LF:18
LH:7
BRF:0
BRH:0
end_of_record
TN:
SF:src/contract/proof.ts
FN:12,calculateProof
FN:78,isAccepted
FNF:2
FNH:2
FNDA:3,calculateProof
FNDA:7,isAccepted
DA:1,1
DA:3,1
DA:10,1
DA:12,1
DA:18,3
DA:19,3
DA:20,0
DA:27,3
DA:29,3
DA:30,7
DA:31,7
DA:32,6
DA:33,6
DA:34,6
DA:35,6
DA:36,6
DA:44,6
DA:46,1
DA:50,3
DA:51,3
DA:52,7
DA:56,7
DA:59,7
DA:60,7
DA:61,7
DA:64,3
DA:65,3
DA:66,3
DA:67,4
DA:68,4
DA:73,4
DA:74,4
DA:75,4
DA:79,7
DA:80,7
DA:81,7
DA:82,7
DA:84,3
DA:89,3
DA:90,3
DA:91,0
DA:94,3
LF:42
LH:40
BRDA:16,0,0,0
BRDA:19,1,0,0
BRDA:31,2,0,6
BRDA:31,2,1,1
BRDA:52,3,0,6
BRDA:52,3,1,1
BRDA:56,4,0,6
BRDA:56,4,1,1
BRDA:59,5,0,3
BRDA:61,6,0,7
BRDA:73,7,0,2
BRDA:75,8,0,4
BRDA:90,9,0,0
BRF:13
BRH:10
end_of_record
TN:
SF:src/contract/storage.ts
FN:13,(anonymous_1)
FN:16,(anonymous_2)
FN:20,(anonymous_3)
FN:25,saveToIPFS
FN:58,loadFromIPFS
FNF:5
FNH:3
FNDA:135,(anonymous_1)
FNDA:62,(anonymous_2)
FNDA:132,(anonymous_3)
FNDA:0,saveToIPFS
FNDA:0,loadFromIPFS
DA:1,3
DA:2,3
DA:10,3
DA:14,135
DA:17,62
DA:21,132
DA:25,3
DA:29,0
DA:30,0
DA:31,0
DA:33,0
DA:40,0
DA:42,0
DA:44,0
DA:50,0
DA:51,0
DA:53,0
DA:54,0
DA:58,3
DA:59,0
DA:61,0
DA:65,0
DA:66,0
DA:68,0
DA:69,0
LF:25
LH:8
BRDA:31,0,0,0
BRDA:31,0,1,0
BRDA:40,1,0,0
BRF:3
BRH:0
end_of_record
TN:
SF:src/contract/update.ts
FN:19,(anonymous_0)
FN:30,(anonymous_1)
FN:39,(anonymous_2)
FN:48,(anonymous_3)
FN:56,(anonymous_4)
FN:60,(anonymous_5)
FN:73,(anonymous_6)
FN:84,(anonymous_7)
FN:102,(anonymous_8)
FN:136,(anonymous_9)
FN:146,(anonymous_10)
FN:156,(anonymous_11)
FN:163,(anonymous_12)
FN:167,(anonymous_13)
FN:185,(anonymous_14)
FN:194,(anonymous_15)
FN:203,(anonymous_16)
FNF:17
FNH:16
FNDA:1117,(anonymous_0)
FNDA:34,(anonymous_1)
FNDA:126,(anonymous_2)
FNDA:1117,(anonymous_3)
FNDA:6,(anonymous_4)
FNDA:56,(anonymous_5)
FNDA:0,(anonymous_6)
FNDA:10,(anonymous_7)
FNDA:16,(anonymous_8)
FNDA:6,(anonymous_9)
FNDA:12,(anonymous_10)
FNDA:23,(anonymous_11)
FNDA:21,(anonymous_12)
FNDA:61,(anonymous_13)
FNDA:10,(anonymous_14)
FNDA:5,(anonymous_15)
FNDA:8,(anonymous_16)
DA:1,2
DA:2,2
DA:11,2
DA:12,2
DA:14,2
DA:20,1117
DA:24,2
DA:31,34
DA:40,126
DA:49,1117
DA:57,6
DA:61,56
DA:74,0
DA:85,10
DA:103,16
DA:104,16
DA:106,16
DA:114,16
DA:117,16
DA:118,16
DA:119,16
DA:121,16
DA:124,16
DA:126,16
DA:128,16
DA:137,6
DA:138,6
DA:147,12
DA:148,12
DA:157,23
DA:158,23
DA:159,23
DA:160,23
DA:164,21
DA:168,61
DA:177,2
DA:186,10
DA:187,10
DA:195,5
DA:196,5
DA:208,8
DA:209,8
DA:210,8
DA:214,8
LF:44
LH:43
BRF:0
BRH:0
end_of_record
TN:
SF:src/lib/fast-merkle-map.ts
FN:14,(anonymous_0)
FN:18,(anonymous_1)
FN:24,(anonymous_2)
FN:35,(anonymous_3)
FN:36,(anonymous_4)
FN:53,(anonymous_5)
FN:63,(anonymous_6)
FN:72,(anonymous_7)
FNF:8
FNH:6
FNDA:1,(anonymous_0)
FNDA:100,(anonymous_1)
FNDA:25500,(anonymous_2)
FNDA:1,(anonymous_3)
FNDA:100,(anonymous_4)
FNDA:0,(anonymous_5)
FNDA:0,(anonymous_6)
FNDA:1,(anonymous_7)
DA:2,1
DA:4,1
DA:11,1
DA:15,1
DA:20,100
DA:24,25500
DA:26,100
DA:27,100
DA:28,25500
DA:29,25500
DA:32,100
DA:36,1
DA:37,100
DA:38,100
DA:45,1
DA:54,0
DA:55,0
DA:64,0
DA:65,0
DA:73,1
LF:20
LH:16
BRDA:28,0,0,12304
BRDA:28,0,1,13196
BRF:2
BRH:2
end_of_record
TN:
SF:src/lib/fast-merkle-tree.ts
FN:21,(anonymous_0)
FN:28,(anonymous_1)
FN:36,(anonymous_2)
FN:50,(anonymous_3)
FN:59,(anonymous_4)
FN:63,(anonymous_5)
FN:101,(anonymous_6)
FN:105,(anonymous_7)
FN:109,(anonymous_8)
FN:113,(anonymous_9)
FN:125,(anonymous_10)
FNF:11
FNH:9
FNDA:2,(anonymous_0)
FNDA:2,(anonymous_1)
FNDA:0,(anonymous_2)
FNDA:0,(anonymous_3)
FNDA:2,(anonymous_4)
FNDA:2,(anonymous_5)
FNDA:69326,(anonymous_6)
FNDA:10100,(anonymous_7)
FNDA:44762,(anonymous_8)
FNDA:10100,(anonymous_9)
FNDA:2,(anonymous_10)
DA:1,2
DA:15,2
DA:22,2
DA:23,2
DA:24,2
DA:25,2
DA:29,2
DA:30,2
DA:31,2
DA:32,274
DA:37,0
DA:38,0
DA:41,0
DA:43,0
DA:45,0
DA:46,0
DA:47,0
DA:50,0
DA:56,0
DA:60,2
DA:64,2
DA:65,0
DA:68,2
DA:70,2
DA:71,10100
DA:72,10100
DA:73,10100
DA:75,10100
DA:78,2
DA:79,274
DA:81,274
DA:83,274
DA:84,34662
DA:85,34662
DA:87,34662
DA:88,34662
DA:90,34662
DA:97,274
DA:102,69326
DA:106,10100
DA:110,44762
DA:114,10100
DA:115,10100
DA:118,10100
DA:126,2
LF:45
LH:35
BRDA:37,0,0,0
BRDA:46,1,0,0
BRDA:64,2,0,0
BRDA:102,3,0,69326
BRDA:102,3,1,24564
BRDA:114,4,0,10100
BRF:6
BRH:3
end_of_record
TN:
SF:src/lib/hash.ts
FN:3,hashWithPrefix
FN:8,prefixToField
FN:17,stringToFields
FN:21,stringFromFields
FN:25,calculateActionsHash
FN:30,emptyActionsHash
FN:39,initialState
FN:42,salt
FN:48,stringToBytes
FN:59,emptyHashWithPrefix
FN:63,fromJSON
FN:64,(anonymous_11)
FN:64,(anonymous_12)
FN:70,(anonymous_13)
FN:74,(anonymous_14)
FN:82,(anonymous_15)
FN:85,(anonymous_16)
FN:88,(anonymous_17)
FN:91,(anonymous_18)
FNF:19
FNH:17
FNDA:21,hashWithPrefix
FNDA:28,prefixToField
FNDA:60,stringToFields
FNDA:0,stringFromFields
FNDA:7,calculateActionsHash
FNDA:2,emptyActionsHash
FNDA:28,initialState
FNDA:28,salt
FNDA:28,stringToBytes
FNDA:7,emptyHashWithPrefix
FNDA:7,fromJSON
FNDA:7,(anonymous_11)
FNDA:56,(anonymous_12)
FNDA:7,(anonymous_13)
FNDA:7,(anonymous_14)
FNDA:7,(anonymous_15)
FNDA:7,(anonymous_16)
FNDA:0,(anonymous_17)
FNDA:7,(anonymous_18)
DA:1,2
DA:3,2
DA:4,21
DA:5,21
DA:8,2
DA:9,28
DA:10,28
DA:11,28
DA:12,28
DA:17,2
DA:18,60
DA:21,2
DA:22,0
DA:25,2
DA:26,7
DA:27,7
DA:30,2
DA:31,2
DA:34,2
DA:40,28
DA:43,28
DA:46,2
DA:49,28
DA:60,7
DA:64,56
DA:65,7
DA:66,7
DA:69,2
DA:71,7
DA:72,7
DA:75,7
DA:76,7
DA:80,7
DA:83,7
DA:86,7
DA:89,0
DA:92,7
LF:37
LH:35
BRDA:10,0,0,0
BRF:1
BRH:0
end_of_record
TN:
SF:src/lib/memory.ts
FN:4,(anonymous_0)
FN:9,(anonymous_1)
FN:15,(anonymous_2)
FNF:3
FNH:2
FNDA:0,(anonymous_0)
FNDA:31,(anonymous_1)
FNDA:31,(anonymous_2)
DA:1,1
DA:3,1
DA:5,0
DA:14,31
DA:15,31
DA:16,31
DA:17,31
DA:18,31
DA:20,31
DA:48,31
LF:10
LH:9
BRDA:10,0,0,0
BRDA:11,1,0,25
BRDA:12,2,0,25
BRDA:18,3,0,6
BRDA:20,4,0,0
BRDA:20,4,1,31
BRDA:23,5,0,0
BRDA:23,5,1,0
BRDA:41,6,0,4
BRDA:41,6,1,27
BRF:10
BRH:6
end_of_record
TN:
SF:src/rollup/blocks.ts
FN:12,createBlock
FN:21,addBlock
FNF:2
FNH:2
FNDA:3,createBlock
FNDA:3,addBlock
DA:1,1
DA:3,1
DA:5,1
DA:13,3
DA:14,3
DA:15,30
DA:17,3
DA:18,3
DA:21,1
DA:36,3
DA:37,3
DA:38,3
DA:39,3
DA:40,3
DA:41,3
DA:42,3
DA:43,3
DA:44,3
DA:50,3
DA:52,3
LF:20
LH:20
BRF:0
BRH:0
end_of_record
TN:
SF:src/rollup/proof.ts
FN:13,(anonymous_0)
FN:23,(anonymous_1)
FN:41,(anonymous_2)
FNF:3
FNH:1
FNDA:0,(anonymous_0)
FNDA:0,(anonymous_1)
FNDA:7,(anonymous_2)
DA:1,1
DA:5,1
DA:7,1
DA:14,0
DA:24,0
DA:33,1
DA:42,7
DA:43,7
DA:44,7
DA:45,7
DA:46,7
DA:47,7
DA:53,1
LF:13
LH:11
BRF:0
BRH:0
end_of_record
